<?xml version="1.0" encoding="UTF-8"?>
<testng-results ignored="0" total="1" passed="1" failed="0" skipped="0">
  <reporter-output>
  </reporter-output>
  <suite started-at="2025-01-01T00:31:39 IST" name="Surefire suite" finished-at="2025-01-01T00:31:49 IST" duration-ms="9673">
    <groups>
    </groups>
    <test started-at="2025-01-01T00:31:39 IST" name="Surefire test" finished-at="2025-01-01T00:31:49 IST" duration-ms="9673">
      <class name="First.Demo1.LandingPageTest">
        <test-method is-config="true" signature="setUp()[pri:0, instance:First.Demo1.LandingPageTest@1da2cb77]" started-at="2025-01-01T00:31:39 IST" name="setUp" finished-at="2025-01-01T00:31:45 IST" duration-ms="5735" status="PASS">
          <reporter-output>
          </reporter-output>
        </test-method> <!-- setUp -->
        <test-method is-config="true" signature="setUp()[pri:0, instance:First.Demo1.LandingPageTest@1da2cb77]" started-at="2025-01-01T00:31:45 IST" name="setUp" finished-at="2025-01-01T00:31:49 IST" duration-ms="3517" status="PASS">
          <reporter-output>
          </reporter-output>
        </test-method> <!-- setUp -->
        <test-method signature="testFormSubmission()[pri:0, instance:First.Demo1.LandingPageTest@1da2cb77]" started-at="2025-01-01T00:31:49 IST" name="testFormSubmission" finished-at="2025-01-01T00:31:49 IST" duration-ms="266" status="PASS">
          <reporter-output>
          </reporter-output>
        </test-method> <!-- testFormSubmission -->
        <test-method is-config="true" signature="tearDown()[pri:0, instance:First.Demo1.LandingPageTest@1da2cb77]" started-at="2025-01-01T00:31:49 IST" name="tearDown" finished-at="2025-01-01T00:31:49 IST" duration-ms="134" status="PASS">
          <reporter-output>
          </reporter-output>
        </test-method> <!-- tearDown -->
        <test-method is-config="true" signature="tearDown()[pri:0, instance:First.Demo1.LandingPageTest@1da2cb77]" started-at="2025-01-01T00:31:49 IST" name="tearDown" finished-at="2025-01-01T00:31:49 IST" duration-ms="0" status="PASS">
          <reporter-output>
          </reporter-output>
        </test-method> <!-- tearDown -->
      </class> <!-- First.Demo1.LandingPageTest -->
    </test> <!-- Surefire test -->
  </suite> <!-- Surefire suite -->
</testng-results>
