<?xml version="1.0" encoding="UTF-8"?>
<testng-results ignored="0" total="0" passed="0" failed="0" skipped="0">
  <reporter-output>
  </reporter-output>
  <suite started-at="2024-12-31T15:42:36 IST" name="Landing Page Suite" finished-at="2024-12-31T15:42:36 IST" duration-ms="11">
    <groups>
    </groups>
    <test started-at="2024-12-31T15:42:36 IST" name="Form Submission Test" finished-at="2024-12-31T15:42:36 IST" duration-ms="11">
    </test> <!-- Form Submission Test -->
  </suite> <!-- Landing Page Suite -->
</testng-results>
